  main.cpp
D:\GitHub\PlotterG\PlotterG\main.cpp(41,26): warning C4305: 'initializing': truncation from 'double' to 'float'
D:\GitHub\PlotterG\PlotterG\main.cpp(42,26): warning C4305: 'initializing': truncation from 'double' to 'float'
D:\GitHub\PlotterG\PlotterG\main.cpp(43,22): warning C4305: 'initializing': truncation from 'double' to 'float'
D:\GitHub\PlotterG\PlotterG\main.cpp(43,44): warning C4305: 'initializing': truncation from 'double' to 'float'
D:\GitHub\PlotterG\PlotterG\main.cpp(43,66): warning C4305: 'initializing': truncation from 'double' to 'float'
D:\GitHub\PlotterG\PlotterG\main.cpp(44,22): warning C4305: 'initializing': truncation from 'double' to 'float'
D:\GitHub\PlotterG\PlotterG\main.cpp(44,44): warning C4305: 'initializing': truncation from 'double' to 'float'
D:\GitHub\PlotterG\PlotterG\main.cpp(44,66): warning C4305: 'initializing': truncation from 'double' to 'float'
D:\GitHub\PlotterG\PlotterG\main.cpp(45,27): warning C4305: 'initializing': truncation from 'double' to 'float'
D:\GitHub\PlotterG\PlotterG\main.cpp(45,54): warning C4305: 'initializing': truncation from 'double' to 'float'
D:\GitHub\PlotterG\PlotterG\main.cpp(45,81): warning C4305: 'initializing': truncation from 'double' to 'float'
D:\GitHub\PlotterG\PlotterG\main.cpp(46,23): warning C4305: 'initializing': truncation from 'double' to 'float'
D:\GitHub\PlotterG\PlotterG\main.cpp(46,46): warning C4305: 'initializing': truncation from 'double' to 'float'
D:\GitHub\PlotterG\PlotterG\main.cpp(46,69): warning C4305: 'initializing': truncation from 'double' to 'float'
D:\GitHub\PlotterG\PlotterG\main.cpp(128,1): warning C4267: 'argument': conversion from 'size_t' to 'GLsizei', possible loss of data
glew32s.lib(glew.obj) : warning LNK4099: PDB 'vc120.pdb' was not found with 'glew32s.lib(glew.obj)' or at 'D:\GitHub\PlotterG\bin\PlotterG\Debug-windows-x86_64\vc120.pdb'; linking object as if no debug info
  serial.lib(list_ports_win.obj) : MSIL .netmodule or module compiled with /GL found; restarting link with /LTCG; add /LTCG to the link command line to improve linker performance
LINK : warning LNK4075: ignoring '/INCREMENTAL' due to '/LTCG' specification
LINK : warning LNK4098: defaultlib 'LIBCMT' conflicts with use of other libs; use /NODEFAULTLIB:library
  Generating code
  Finished generating code
glew32s.lib(glew.obj) : warning LNK4099: PDB 'vc120.pdb' was not found with 'glew32s.lib(glew.obj)' or at 'D:\GitHub\PlotterG\bin\PlotterG\Debug-windows-x86_64\vc120.pdb'; linking object as if no debug info
LINK : warning LNK4286: symbol '__glewAttachShader' defined in 'glew32s.lib(glew.obj)' is imported by 'LoadShaders.obj'
LINK : warning LNK4286: symbol '__glewCompileShader' defined in 'glew32s.lib(glew.obj)' is imported by 'LoadShaders.obj'
LINK : warning LNK4286: symbol '__glewCreateProgram' defined in 'glew32s.lib(glew.obj)' is imported by 'LoadShaders.obj'
LINK : warning LNK4286: symbol '__glewCreateShader' defined in 'glew32s.lib(glew.obj)' is imported by 'LoadShaders.obj'
LINK : warning LNK4286: symbol '__glewDeleteShader' defined in 'glew32s.lib(glew.obj)' is imported by 'LoadShaders.obj'
LINK : warning LNK4286: symbol '__glewDetachShader' defined in 'glew32s.lib(glew.obj)' is imported by 'LoadShaders.obj'
LINK : warning LNK4286: symbol '__glewGetProgramInfoLog' defined in 'glew32s.lib(glew.obj)' is imported by 'LoadShaders.obj'
LINK : warning LNK4286: symbol '__glewGetProgramiv' defined in 'glew32s.lib(glew.obj)' is imported by 'LoadShaders.obj'
LINK : warning LNK4286: symbol '__glewGetShaderInfoLog' defined in 'glew32s.lib(glew.obj)' is imported by 'LoadShaders.obj'
LINK : warning LNK4286: symbol '__glewGetShaderiv' defined in 'glew32s.lib(glew.obj)' is imported by 'LoadShaders.obj'
LINK : warning LNK4286: symbol '__glewLinkProgram' defined in 'glew32s.lib(glew.obj)' is imported by 'LoadShaders.obj'
LINK : warning LNK4286: symbol '__glewShaderSource' defined in 'glew32s.lib(glew.obj)' is imported by 'LoadShaders.obj'
  PlotterG.vcxproj -> D:\GitHub\PlotterG\bin\PlotterG\Debug-windows-x86_64\PlotterG.exe
